<?xml version="1.0" encoding="UTF-8" ?>
<testsuite tests="18" failures="0" name="BoardTest" time="0" errors="0" skipped="0">
  <properties>
[...]
</properties>
  <testcase classname="BoardTest" name="draw" time="0"/>
  <testcase classname="BoardTest" name="testXWinCondition1" time="0"/>
  <testcase classname="BoardTest" name="testXWinCondition2" time="0"/>
  <testcase classname="BoardTest" name="testXWinCondition3" time="0"/>
  <testcase classname="BoardTest" name="testXWinCondition4" time="0"/>
  <testcase classname="BoardTest" name="testXWinCondition5" time="0"/>
  <testcase classname="BoardTest" name="testXWinCondition6" time="0"/>
  <testcase classname="BoardTest" name="testXWinCondition7" time="0"/>
  <testcase classname="BoardTest" name="testXWinCondition8" time="0"/>
  <testcase classname="BoardTest" name="testOWinCondition1" time="0"/>
  <testcase classname="BoardTest" name="testOWinCondition2" time="0"/>
  <testcase classname="BoardTest" name="testOWinCondition3" time="0"/>
  <testcase classname="BoardTest" name="testOWinCondition4" time="0"/>
  <testcase classname="BoardTest" name="testOWinCondition5" time="0"/>
  <testcase classname="BoardTest" name="testOWinCondition6" time="0"/>
  <testcase classname="BoardTest" name="testOWinCondition7" time="0"/>
  <testcase classname="BoardTest" name="testOWinCondition8" time="0"/>
  <testcase classname="BoardTest" name="noWinner" time="0"/>
</testsuite>